<?xml version="1.0" encoding="UTF-8"?>
<!-- Generated by org.testng.reporters.JUnitReportReporter -->
<testsuite skipped="0" hostname="LAPTOP-FDIBJU8L" name="com.qikpod.testCases.AccountsDetails" tests="1" failures="0" timestamp="20 Aug 2020 09:46:17 GMT" time="91.453" errors="0">
  <testcase name="account" time="91.453" classname="com.qikpod.testCases.AccountsDetails"/>
</testsuite> <!-- com.qikpod.testCases.AccountsDetails -->
